<?xml version="1.0" encoding="UTF-8" ?>
<testsuites>
  <testsuite errors="0" failures="1" hostname="RJ7U81B5KZ5J9PW" id="0" name="CalculatorTest" package="andycpp" skipped="0" tests="4" time="0.116" timestamp="2021-08-11T02:25:05">
      <properties>
[...]
</properties>

      <testcase classname="andycpp.CalculatorTest" name="testAdd" time="0.001" />

      <testcase classname="andycpp.CalculatorTest" name="testSubstract" time="0.006">
          <failure message="expected:&lt;9&gt; but was:&lt;2&gt;" type="junit.framework.AssertionFailedError">junit.framework.AssertionFailedError: expected:&lt;9&gt; but was:&lt;2&gt;
	at andycpp.CalculatorTest.testSubstract(CalculatorTest.java:28)
</failure>

      </testcase>

      <testcase classname="andycpp.CalculatorTest" name="testDivide" time="0.0" />

      <testcase classname="andycpp.CalculatorTest" name="testMultiply" time="0.0" />

      <system-out><![CDATA[2

]]></system-out>

      <system-err><![CDATA[]]></system-err>

  </testsuite>
</testsuites>
